[07:14][2021-01-28 07:14:02] opening '/home/wxl/moleserver/bin/logs/game1_server_normal.log'
[05:48][2021-01-29 05:48:03] opening '/home/wxl/moleserver/bin/logs/game1_server_normal.log'
[05:48][2021-01-29 05:48:49] opening '/home/wxl/moleserver/bin/logs/game1_server_normal.log'
[06:01][2021-01-29 06:01:41] opening '/home/wxl/moleserver/bin/logs/game1_server_normal.log'
[06:01] [BSC] game_server.cpp:68 main 数据库:127.0.0.1 root 123456 moleweb 连接成功。
[06:01] [BSC] game_server.cpp:85 main 游戏服务器欢乐斗地主普通场:ip:127.0.0.1,端口:3335 启动成功。
[06:01] [BSC] game_server.cpp:87 main 服务器启动成功，开始处理...
[06:02][2021-01-29 06:02:00] opening '/home/wxl/moleserver/bin/logs/game1_server_normal.log'
[06:02] [BSC] game_server.cpp:68 main 数据库:127.0.0.1 root 123456 moleweb 连接成功。
[06:02] [BSC] game_server.cpp:85 main 游戏服务器欢乐斗地主普通场:ip:127.0.0.1,端口:3335 启动成功。
[06:02] [BSC] game_server.cpp:87 main 服务器启动成功，开始处理...
[06:03] [BSC] gameframe/CRoom.cpp:1655 Room_Log 玩家0进入房间0了.0
[06:04] [BSC] gameframe/CRoom.cpp:1655 Room_Log 玩家0离开房间了.
[06:04] [BSC] gameframe/CRoom.cpp:1655 Room_Log 玩家0进入房间0了.2
[06:06] [BSC] gameframe/CRoom.cpp:1655 Room_Log 玩家0离开房间了.
[06:06] [BSC] gameframe/CRoom.cpp:1655 Room_Log 玩家0进入房间0了.4
[06:10] [BSC] gameframe/CRoom.cpp:1655 Room_Log 玩家0离开房间了.
[06:10] [BSC] gameframe/CRoom.cpp:1655 Room_Log 玩家0进入房间0了.8
[06:11] [BSC] gameframe/CRoom.cpp:1655 Room_Log 玩家0离开房间了.
[06:11] [BSC] gameframe/CRoom.cpp:1655 Room_Log 玩家0进入房间0了.9
[06:13] [BSC] gameframe/CRoom.cpp:1655 Room_Log 玩家0离开房间了.
[06:13] [BSC] gameframe/CRoom.cpp:1655 Room_Log 玩家0进入房间0了.11
[06:16] [BSC] gameframe/CRoom.cpp:1655 Room_Log 玩家0离开房间了.
[06:16] [BSC] gameframe/CRoom.cpp:1655 Room_Log 玩家0进入房间0了.14
[06:17] [BSC] gameframe/CRoom.cpp:1655 Room_Log 玩家0离开房间了.
[06:17] [BSC] gameframe/CRoom.cpp:1655 Room_Log 玩家0进入房间0了.15
[06:19] [BSC] gameframe/CRoom.cpp:1655 Room_Log 玩家0离开房间了.
[06:19] [BSC] gameframe/CRoom.cpp:1655 Room_Log 玩家0进入房间0了.17
[06:22] [BSC] gameframe/CRoom.cpp:1655 Room_Log 玩家0离开房间了.
[06:22] [BSC] gameframe/CRoom.cpp:1655 Room_Log 玩家0进入房间0了.20
[06:23] [BSC] gameframe/CRoom.cpp:1655 Room_Log 玩家0离开房间了.
[06:24] [BSC] gameframe/CRoom.cpp:1655 Room_Log 玩家0进入房间0了.21
[06:27] [BSC] gameframe/CRoom.cpp:1655 Room_Log 玩家0离开房间了.
[06:27] [BSC] gameframe/CRoom.cpp:1655 Room_Log 玩家0进入房间0了.24
[06:35] [BSC] gameframe/CRoom.cpp:1655 Room_Log 玩家0离开房间了.
[06:35] [BSC] gameframe/CRoom.cpp:1655 Room_Log 玩家0进入房间0了.32
[06:37] [BSC] gameframe/CRoom.cpp:1655 Room_Log 玩家0离开房间了.
[06:38] [BSC] gameframe/CRoom.cpp:1655 Room_Log 玩家0进入房间0了.34
[06:38] [BSC] gameframe/CRoom.cpp:1655 Room_Log 玩家0离开房间了.
[06:38] [BSC] gameframe/CRoom.cpp:1655 Room_Log 玩家0进入房间0了.35
[06:43] [BSC] gameframe/CRoom.cpp:1655 Room_Log 玩家0离开房间了.
[06:43] [BSC] gameframe/CRoom.cpp:1655 Room_Log 玩家0进入房间0了.40
[06:44] [BSC] gameframe/CRoom.cpp:1655 Room_Log 玩家0离开房间了.
[06:44] [BSC] gameframe/CRoom.cpp:1655 Room_Log 玩家0进入房间0了.41
[06:46] [BSC] gameframe/CRoom.cpp:1655 Room_Log 玩家0离开房间了.
[06:46] [BSC] gameframe/CRoom.cpp:1655 Room_Log 玩家0进入房间0了.42
[06:47] [BSC] gameframe/CRoom.cpp:1655 Room_Log 玩家0离开房间了.
[06:47] [BSC] gameframe/CRoom.cpp:1655 Room_Log 玩家0进入房间0了.43
[06:49] [BSC] gameframe/CRoom.cpp:1655 Room_Log 玩家0离开房间了.
[06:49] [BSC] gameframe/CRoom.cpp:1655 Room_Log 玩家0进入房间0了.45
[06:51] [BSC] gameframe/CRoom.cpp:1655 Room_Log 玩家0离开房间了.
[06:51] [BSC] gameframe/CRoom.cpp:1655 Room_Log 玩家0进入房间0了.47
[06:52] [BSC] gameframe/CRoom.cpp:1655 Room_Log 玩家0离开房间了.
[06:52] [BSC] gameframe/CRoom.cpp:1655 Room_Log 玩家0进入房间0了.48
[06:54] [BSC] gameframe/CRoom.cpp:1655 Room_Log 玩家0离开房间了.
[06:54] [BSC] gameframe/CRoom.cpp:1655 Room_Log 玩家0进入房间0了.50
[06:55] [BSC] gameframe/CRoom.cpp:1655 Room_Log 玩家0离开房间了.
[06:55] [BSC] gameframe/CRoom.cpp:1655 Room_Log 玩家0进入房间0了.51
[06:56] [BSC] gameframe/CRoom.cpp:1655 Room_Log 玩家0离开房间了.
[06:57] [BSC] gameframe/CRoom.cpp:1655 Room_Log 玩家0进入房间0了.52
[06:57] [BSC] gameframe/CRoom.cpp:1655 Room_Log 玩家0离开房间了.
[06:57] [BSC] gameframe/CRoom.cpp:1655 Room_Log 玩家0进入房间0了.53
[06:59] [BSC] gameframe/CRoom.cpp:1655 Room_Log 玩家0离开房间了.
[06:59] [BSC] gameframe/CRoom.cpp:1655 Room_Log 玩家0进入房间0了.55
[07:00] [BSC] gameframe/CRoom.cpp:1655 Room_Log 玩家0离开房间了.
[07:00] [BSC] gameframe/CRoom.cpp:1655 Room_Log 玩家0进入房间0了.56
[07:02] [BSC] gameframe/CRoom.cpp:1655 Room_Log 玩家0离开房间了.
[07:02] [BSC] gameframe/CRoom.cpp:1655 Room_Log 玩家0进入房间0了.58
[07:03] [BSC] gameframe/CRoom.cpp:1655 Room_Log 玩家0离开房间了.
[07:03] [BSC] gameframe/CRoom.cpp:1655 Room_Log 玩家0进入房间0了.59
[07:07] [BSC] gameframe/CRoom.cpp:1655 Room_Log 玩家0离开房间了.
[07:07] [BSC] gameframe/CRoom.cpp:1655 Room_Log 玩家0进入房间0了.62
[07:10] [BSC] gameframe/CRoom.cpp:1655 Room_Log 玩家0离开房间了.
[07:10] [BSC] gameframe/CRoom.cpp:1655 Room_Log 玩家0进入房间0了.1
[07:13] [BSC] gameframe/CRoom.cpp:1655 Room_Log 玩家0离开房间了.
[07:13] [BSC] gameframe/CRoom.cpp:1655 Room_Log 玩家0进入房间0了.4
[07:16] [BSC] gameframe/CRoom.cpp:1655 Room_Log 玩家0离开房间了.
[07:16] [BSC] gameframe/CRoom.cpp:1655 Room_Log 玩家0进入房间0了.7
[07:17] [BSC] gameframe/CRoom.cpp:1655 Room_Log 玩家0离开房间了.
[07:17] [BSC] gameframe/CRoom.cpp:1655 Room_Log 玩家0进入房间0了.8
[07:19] [BSC] gameframe/CRoom.cpp:1655 Room_Log 玩家0离开房间了.
[07:19] [BSC] gameframe/CRoom.cpp:1655 Room_Log 玩家0进入房间0了.10
[07:23] [BSC] gameframe/CRoom.cpp:1655 Room_Log 玩家0离开房间了.
[07:23] [BSC] gameframe/CRoom.cpp:1655 Room_Log 玩家0进入房间0了.14
[07:24] [BSC] gameframe/CRoom.cpp:1655 Room_Log 玩家0离开房间了.
[07:24] [BSC] gameframe/CRoom.cpp:1655 Room_Log 玩家0进入房间0了.15
[07:26] [BSC] gameframe/CRoom.cpp:1655 Room_Log 玩家0离开房间了.
[07:26] [BSC] gameframe/CRoom.cpp:1655 Room_Log 玩家0进入房间0了.17
[07:31] [BSC] gameframe/CRoom.cpp:1655 Room_Log 玩家0离开房间了.
[07:31] [BSC] gameframe/CRoom.cpp:1655 Room_Log 玩家0进入房间0了.21
[01:32][2021-01-30 01:32:23] opening '/home/wxl/moleserver/bin/logs/game1_server_normal.log'
[01:32] [BSC] game_server.cpp:68 main 数据库:127.0.0.1 root 123456 moleweb 连接成功。
[01:32] [BSC] game_server.cpp:85 main 游戏服务器欢乐斗地主普通场:ip:127.0.0.1,端口:3335 启动成功。
[01:32] [BSC] game_server.cpp:87 main 服务器启动成功，开始处理...
[01:33] [BSC] gameframe/CRoom.cpp:1655 Room_Log 玩家0进入房间0了.0
[01:34] [BSC] gameframe/CRoom.cpp:1655 Room_Log 玩家0离开房间了.
[01:34] [BSC] gameframe/CRoom.cpp:1655 Room_Log 玩家0进入房间0了.2
[01:35] [BSC] gameframe/CRoom.cpp:1655 Room_Log 玩家0离开房间了.
[01:35] [BSC] gameframe/CRoom.cpp:1655 Room_Log 玩家0进入房间0了.3
[01:38] [BSC] gameframe/CRoom.cpp:1655 Room_Log 玩家0离开房间了.
[01:38] [BSC] gameframe/CRoom.cpp:1655 Room_Log 玩家0进入房间0了.6
[01:40] [BSC] gameframe/CRoom.cpp:1655 Room_Log 玩家0离开房间了.
[01:40] [BSC] gameframe/CRoom.cpp:1655 Room_Log 玩家0进入房间0了.8
[01:43] [BSC] gameframe/CRoom.cpp:1655 Room_Log 玩家0离开房间了.
[01:43] [BSC] gameframe/CRoom.cpp:1655 Room_Log 玩家0进入房间0了.11
[01:45] [BSC] gameframe/CRoom.cpp:1655 Room_Log 玩家0离开房间了.
[01:45] [BSC] gameframe/CRoom.cpp:1655 Room_Log 玩家0进入房间0了.13
[01:50] [BSC] gameframe/CRoom.cpp:1655 Room_Log 玩家0离开房间了.
[01:50] [BSC] gameframe/CRoom.cpp:1655 Room_Log 玩家0进入房间0了.17
[01:51] [BSC] gameframe/CRoom.cpp:1655 Room_Log 玩家0离开房间了.
[01:51] [BSC] gameframe/CRoom.cpp:1655 Room_Log 玩家0进入房间0了.18
[01:52] [BSC] gameframe/CRoom.cpp:1655 Room_Log 玩家0离开房间了.
[01:52] [BSC] gameframe/CRoom.cpp:1655 Room_Log 玩家0进入房间0了.19
[01:55] [BSC] gameframe/CRoom.cpp:1655 Room_Log 玩家0离开房间了.
[01:55] [BSC] gameframe/CRoom.cpp:1655 Room_Log 玩家0进入房间0了.22
[01:56] [BSC] gameframe/CRoom.cpp:1655 Room_Log 玩家0离开房间了.
[01:56] [BSC] gameframe/CRoom.cpp:1655 Room_Log 玩家0进入房间0了.23
[01:57] [BSC] gameframe/CRoom.cpp:1655 Room_Log 玩家0离开房间了.
[01:57] [BSC] gameframe/CRoom.cpp:1655 Room_Log 玩家0进入房间0了.24
[01:58] [BSC] gameframe/CRoom.cpp:1655 Room_Log 玩家0离开房间了.
[01:58] [BSC] gameframe/CRoom.cpp:1655 Room_Log 玩家0进入房间0了.25
[02:00] [BSC] gameframe/CRoom.cpp:1655 Room_Log 玩家0离开房间了.
[02:00] [BSC] gameframe/CRoom.cpp:1655 Room_Log 玩家0进入房间0了.27
[02:03] [BSC] gameframe/CRoom.cpp:1655 Room_Log 玩家0离开房间了.
[02:03] [BSC] gameframe/CRoom.cpp:1655 Room_Log 玩家0进入房间0了.30
[02:04] [BSC] gameframe/CRoom.cpp:1655 Room_Log 玩家0离开房间了.
[02:04] [BSC] gameframe/CRoom.cpp:1655 Room_Log 玩家0进入房间0了.31
[02:05] [BSC] gameframe/CRoom.cpp:1655 Room_Log 玩家0离开房间了.
[02:05] [BSC] gameframe/CRoom.cpp:1655 Room_Log 玩家0进入房间0了.32
[02:06] [BSC] gameframe/CRoom.cpp:1655 Room_Log 玩家0离开房间了.
[02:06] [BSC] gameframe/CRoom.cpp:1655 Room_Log 玩家0进入房间0了.33
[02:08] [BSC] gameframe/CRoom.cpp:1655 Room_Log 玩家0离开房间了.
[02:08] [BSC] gameframe/CRoom.cpp:1655 Room_Log 玩家0进入房间0了.34
[02:10] [BSC] gameframe/CRoom.cpp:1655 Room_Log 玩家0离开房间了.
[02:10] [BSC] gameframe/CRoom.cpp:1655 Room_Log 玩家0进入房间0了.36
[02:11] [BSC] gameframe/CRoom.cpp:1655 Room_Log 玩家0离开房间了.
[02:11] [BSC] gameframe/CRoom.cpp:1655 Room_Log 玩家0进入房间0了.37
[02:15] [BSC] gameframe/CRoom.cpp:1655 Room_Log 玩家0离开房间了.
[02:15] [BSC] gameframe/CRoom.cpp:1655 Room_Log 玩家0进入房间0了.41
[02:17] [BSC] gameframe/CRoom.cpp:1655 Room_Log 玩家0离开房间了.
[02:17] [BSC] gameframe/CRoom.cpp:1655 Room_Log 玩家0进入房间0了.43
[02:19] [BSC] gameframe/CRoom.cpp:1655 Room_Log 玩家0离开房间了.
[02:19] [BSC] gameframe/CRoom.cpp:1655 Room_Log 玩家0进入房间0了.45
[02:20] [BSC] gameframe/CRoom.cpp:1655 Room_Log 玩家0离开房间了.
[02:20] [BSC] gameframe/CRoom.cpp:1655 Room_Log 玩家0进入房间0了.46
[02:21] [BSC] gameframe/CRoom.cpp:1655 Room_Log 玩家0离开房间了.
[02:21] [BSC] gameframe/CRoom.cpp:1655 Room_Log 玩家0进入房间0了.47
[02:24] [BSC] gameframe/CRoom.cpp:1655 Room_Log 玩家0离开房间了.
[02:24] [BSC] gameframe/CRoom.cpp:1655 Room_Log 玩家0进入房间0了.50
[02:31] [BSC] gameframe/CRoom.cpp:1655 Room_Log 玩家0离开房间了.
[02:31] [BSC] gameframe/CRoom.cpp:1655 Room_Log 玩家0进入房间0了.56
[02:32][2021-01-30 02:32:01] opening '/home/wxl/moleserver/bin/logs/game1_server_normal.log'
[02:32] [BSC] game_server.cpp:68 main 数据库:127.0.0.1 root 123456 moleweb 连接成功。
[02:32] [BSC] game_server.cpp:85 main 游戏服务器欢乐斗地主普通场:ip:127.0.0.1,端口:3335 启动成功。
[02:32] [BSC] game_server.cpp:87 main 服务器启动成功，开始处理...
[02:33] [BSC] gameframe/CRoom.cpp:1655 Room_Log 玩家0进入房间0了.0
[02:34] [BSC] gameframe/CRoom.cpp:1655 Room_Log 玩家0离开房间了.
[02:34] [BSC] gameframe/CRoom.cpp:1655 Room_Log 玩家0进入房间0了.2
[02:35][2021-01-30 02:35:51] opening '/home/wxl/moleserver/bin/logs/game1_server_normal.log'
[02:35] [BSC] game_server.cpp:68 main 数据库:127.0.0.1 root 123456 moleweb 连接成功。
[02:35] [BSC] game_server.cpp:85 main 游戏服务器欢乐斗地主普通场:ip:127.0.0.1,端口:3335 启动成功。
[02:35] [BSC] game_server.cpp:87 main 服务器启动成功，开始处理...
[02:36] [BSC] gameframe/CRoom.cpp:1655 Room_Log 玩家0进入房间0了.0
[02:37] [BSC] gameframe/CRoom.cpp:1655 Room_Log 玩家0离开房间了.
[02:37] [BSC] gameframe/CRoom.cpp:1655 Room_Log 玩家0进入房间0了.2
[02:39] [BSC] gameframe/CRoom.cpp:1655 Room_Log 玩家0离开房间了.
[02:39] [BSC] gameframe/CRoom.cpp:1655 Room_Log 玩家0进入房间0了.4
[02:42] [BSC] gameframe/CRoom.cpp:1655 Room_Log 玩家0离开房间了.
[02:42] [BSC] gameframe/CRoom.cpp:1655 Room_Log 玩家0进入房间0了.6
[02:43] [BSC] gameframe/CRoom.cpp:1655 Room_Log 玩家0离开房间了.
[02:43] [BSC] gameframe/CRoom.cpp:1655 Room_Log 玩家0进入房间0了.7
[02:45] [BSC] gameframe/CRoom.cpp:1655 Room_Log 玩家0离开房间了.
[02:45] [BSC] gameframe/CRoom.cpp:1655 Room_Log 玩家0进入房间0了.9
[02:50] [BSC] gameframe/CRoom.cpp:1655 Room_Log 玩家0离开房间了.
[02:50] [BSC] gameframe/CRoom.cpp:1655 Room_Log 玩家0进入房间0了.14
[02:52] [BSC] gameframe/CRoom.cpp:1655 Room_Log 玩家0离开房间了.
[02:52] [BSC] gameframe/CRoom.cpp:1655 Room_Log 玩家0进入房间0了.16
[03:03][2021-01-30 03:03:23] opening '/home/wxl/moleserver/bin/logs/game1_server_normal.log'
[03:03] [BSC] game_server.cpp:68 main 数据库:127.0.0.1 root 123456 moleweb 连接成功。
[03:03] [BSC] game_server.cpp:85 main 游戏服务器欢乐斗地主普通场:ip:127.0.0.1,端口:3335 启动成功。
[03:03] [BSC] game_server.cpp:87 main 服务器启动成功，开始处理...
[03:04] [BSC] gameframe/CRoom.cpp:1655 Room_Log 玩家0进入房间0了.0
[03:05] [BSC] gameframe/CRoom.cpp:1655 Room_Log 玩家0离开房间了.
[03:05] [BSC] gameframe/CRoom.cpp:1655 Room_Log 玩家0进入房间0了.2
[07:12][2021-02-01 07:12:30] opening '/home/wxl/moleserver_new/bin/logs/game1_server_normal.log'
[07:12] [BSC] game_server.cpp:68 main 数据库:127.0.0.1 root 123456 moleweb 连接成功。
[07:12] [BSC] game_server.cpp:85 main 游戏服务器欢乐斗地主普通场:ip:127.0.0.1,端口:3335 启动成功。
[07:12] [BSC] game_server.cpp:87 main 服务器启动成功，开始处理...
[07:13] [BSC] gameframe/CRoom.cpp:1655 Room_Log 玩家0进入房间0了.0
[07:15] [BSC] gameframe/CRoom.cpp:1655 Room_Log 玩家0离开房间了.
[07:15] [BSC] gameframe/CRoom.cpp:1655 Room_Log 玩家0进入房间0了.3
[07:16] [BSC] gameframe/CRoom.cpp:1655 Room_Log 玩家0离开房间了.
[07:16] [BSC] gameframe/CRoom.cpp:1655 Room_Log 玩家0进入房间0了.4
[07:17] [BSC] gameframe/CRoom.cpp:1655 Room_Log 玩家0离开房间了.
[07:17] [BSC] gameframe/CRoom.cpp:1655 Room_Log 玩家0进入房间0了.5
[07:18] [BSC] gameframe/CRoom.cpp:1655 Room_Log 玩家0离开房间了.
[07:18] [BSC] gameframe/CRoom.cpp:1655 Room_Log 玩家0进入房间0了.6
[07:19] [BSC] gameframe/CRoom.cpp:1655 Room_Log 玩家0离开房间了.
[07:19] [BSC] gameframe/CRoom.cpp:1655 Room_Log 玩家0进入房间0了.7
[07:22] [BSC] gameframe/CRoom.cpp:1655 Room_Log 玩家0离开房间了.
[07:22] [BSC] gameframe/CRoom.cpp:1655 Room_Log 玩家0进入房间0了.10
[07:26] [BSC] gameframe/CRoom.cpp:1655 Room_Log 玩家0离开房间了.
[07:26] [BSC] gameframe/CRoom.cpp:1655 Room_Log 玩家0进入房间0了.13
[07:28] [BSC] gameframe/CRoom.cpp:1655 Room_Log 玩家0离开房间了.
[07:28] [BSC] gameframe/CRoom.cpp:1655 Room_Log 玩家0进入房间0了.15
[07:29] [BSC] gameframe/CRoom.cpp:1655 Room_Log 玩家0离开房间了.
[07:29] [BSC] gameframe/CRoom.cpp:1655 Room_Log 玩家0进入房间0了.16
[07:32] [BSC] gameframe/CRoom.cpp:1655 Room_Log 玩家0离开房间了.
[07:32] [BSC] gameframe/CRoom.cpp:1655 Room_Log 玩家0进入房间0了.19
[07:35] [BSC] gameframe/CRoom.cpp:1655 Room_Log 玩家0离开房间了.
[07:35] [BSC] gameframe/CRoom.cpp:1655 Room_Log 玩家0进入房间0了.22
[07:36] [BSC] gameframe/CRoom.cpp:1655 Room_Log 玩家0离开房间了.
[07:36] [BSC] gameframe/CRoom.cpp:1655 Room_Log 玩家0进入房间0了.23
[07:37] [BSC] gameframe/CRoom.cpp:1655 Room_Log 玩家0离开房间了.
[07:37] [BSC] gameframe/CRoom.cpp:1655 Room_Log 玩家0进入房间0了.24
[07:39] [BSC] gameframe/CRoom.cpp:1655 Room_Log 玩家0离开房间了.
[07:39] [BSC] gameframe/CRoom.cpp:1655 Room_Log 玩家0进入房间0了.26
[07:40] [BSC] gameframe/CRoom.cpp:1655 Room_Log 玩家0离开房间了.
[07:40] [BSC] gameframe/CRoom.cpp:1655 Room_Log 玩家0进入房间0了.27
[07:41] [BSC] gameframe/CRoom.cpp:1655 Room_Log 玩家0离开房间了.
[07:41] [BSC] gameframe/CRoom.cpp:1655 Room_Log 玩家0进入房间0了.28
[07:42] [BSC] gameframe/CRoom.cpp:1655 Room_Log 玩家0离开房间了.
[07:42] [BSC] gameframe/CRoom.cpp:1655 Room_Log 玩家0进入房间0了.29
[07:46] [BSC] gameframe/CRoom.cpp:1655 Room_Log 玩家0离开房间了.
[07:46] [BSC] gameframe/CRoom.cpp:1655 Room_Log 玩家0进入房间0了.32
[07:47] [BSC] gameframe/CRoom.cpp:1655 Room_Log 玩家0离开房间了.
[07:47] [BSC] gameframe/CRoom.cpp:1655 Room_Log 玩家0进入房间0了.33
[07:49] [BSC] gameframe/CRoom.cpp:1655 Room_Log 玩家0离开房间了.
[07:49] [BSC] gameframe/CRoom.cpp:1655 Room_Log 玩家0进入房间0了.35
[07:50] [BSC] gameframe/CRoom.cpp:1655 Room_Log 玩家0离开房间了.
[07:50] [BSC] gameframe/CRoom.cpp:1655 Room_Log 玩家0进入房间0了.36
[07:53] [BSC] gameframe/CRoom.cpp:1655 Room_Log 玩家0离开房间了.
[07:53] [BSC] gameframe/CRoom.cpp:1655 Room_Log 玩家0进入房间0了.39
[07:54] [BSC] gameframe/CRoom.cpp:1655 Room_Log 玩家0离开房间了.
[07:54] [BSC] gameframe/CRoom.cpp:1655 Room_Log 玩家0进入房间0了.40
[07:55] [BSC] gameframe/CRoom.cpp:1655 Room_Log 玩家0离开房间了.
[07:55] [BSC] gameframe/CRoom.cpp:1655 Room_Log 玩家0进入房间0了.41
[07:57] [BSC] gameframe/CRoom.cpp:1655 Room_Log 玩家0离开房间了.
[07:57] [BSC] gameframe/CRoom.cpp:1655 Room_Log 玩家0进入房间0了.43
[08:04] [BSC] gameframe/CRoom.cpp:1655 Room_Log 玩家0离开房间了.
[08:04] [BSC] gameframe/CRoom.cpp:1655 Room_Log 玩家0进入房间0了.50
[08:11] [BSC] gameframe/CRoom.cpp:1655 Room_Log 玩家0离开房间了.
[08:11] [BSC] gameframe/CRoom.cpp:1655 Room_Log 玩家0进入房间0了.56
[08:14] [BSC] gameframe/CRoom.cpp:1655 Room_Log 玩家0离开房间了.
[08:14] [BSC] gameframe/CRoom.cpp:1655 Room_Log 玩家0进入房间0了.59
[08:16] [BSC] gameframe/CRoom.cpp:1655 Room_Log 玩家0离开房间了.
[08:16] [BSC] gameframe/CRoom.cpp:1655 Room_Log 玩家0进入房间0了.61
[08:18] [BSC] gameframe/CRoom.cpp:1655 Room_Log 玩家0离开房间了.
[08:18] [BSC] gameframe/CRoom.cpp:1655 Room_Log 玩家0进入房间0了.63
[08:20] [BSC] gameframe/CRoom.cpp:1655 Room_Log 玩家0离开房间了.
[08:20] [BSC] gameframe/CRoom.cpp:1655 Room_Log 玩家0进入房间0了.1
[08:21] [BSC] gameframe/CRoom.cpp:1655 Room_Log 玩家0离开房间了.
[08:21] [BSC] gameframe/CRoom.cpp:1655 Room_Log 玩家0进入房间0了.2
[08:23] [BSC] gameframe/CRoom.cpp:1655 Room_Log 玩家0离开房间了.
[08:23] [BSC] gameframe/CRoom.cpp:1655 Room_Log 玩家0进入房间0了.4
[08:25] [BSC] gameframe/CRoom.cpp:1655 Room_Log 玩家0离开房间了.
[08:25] [BSC] gameframe/CRoom.cpp:1655 Room_Log 玩家0进入房间0了.6
[08:26] [BSC] gameframe/CRoom.cpp:1655 Room_Log 玩家0离开房间了.
[08:27] [BSC] gameframe/CRoom.cpp:1655 Room_Log 玩家0进入房间0了.7
[08:30] [BSC] gameframe/CRoom.cpp:1655 Room_Log 玩家0离开房间了.
[08:30] [BSC] gameframe/CRoom.cpp:1655 Room_Log 玩家0进入房间0了.10
[08:32] [BSC] gameframe/CRoom.cpp:1655 Room_Log 玩家0离开房间了.
[08:32] [BSC] gameframe/CRoom.cpp:1655 Room_Log 玩家0进入房间0了.12
[08:34] [BSC] gameframe/CRoom.cpp:1655 Room_Log 玩家0离开房间了.
[08:34] [BSC] gameframe/CRoom.cpp:1655 Room_Log 玩家0进入房间0了.14
[08:35] [BSC] gameframe/CRoom.cpp:1655 Room_Log 玩家0离开房间了.
[08:35] [BSC] gameframe/CRoom.cpp:1655 Room_Log 玩家0进入房间0了.15
[08:36] [BSC] gameframe/CRoom.cpp:1655 Room_Log 玩家0离开房间了.
[08:36] [BSC] gameframe/CRoom.cpp:1655 Room_Log 玩家0进入房间0了.16
[08:37] [BSC] gameframe/CRoom.cpp:1655 Room_Log 玩家0离开房间了.
[08:37] [BSC] gameframe/CRoom.cpp:1655 Room_Log 玩家0进入房间0了.17
[08:38] [BSC] gameframe/CRoom.cpp:1655 Room_Log 玩家0离开房间了.
[08:38] [BSC] gameframe/CRoom.cpp:1655 Room_Log 玩家0进入房间0了.18
[08:43] [BSC] gameframe/CRoom.cpp:1655 Room_Log 玩家0离开房间了.
[08:43] [BSC] gameframe/CRoom.cpp:1655 Room_Log 玩家0进入房间0了.23
[08:45] [BSC] gameframe/CRoom.cpp:1655 Room_Log 玩家0离开房间了.
[08:45] [BSC] gameframe/CRoom.cpp:1655 Room_Log 玩家0进入房间0了.25
[08:52] [BSC] gameframe/CRoom.cpp:1655 Room_Log 玩家0离开房间了.
[08:52] [BSC] gameframe/CRoom.cpp:1655 Room_Log 玩家0进入房间0了.31
[08:53] [BSC] gameframe/CRoom.cpp:1655 Room_Log 玩家0离开房间了.
[08:53] [BSC] gameframe/CRoom.cpp:1655 Room_Log 玩家0进入房间0了.32
[08:54] [BSC] gameframe/CRoom.cpp:1655 Room_Log 玩家0离开房间了.
[08:54] [BSC] gameframe/CRoom.cpp:1655 Room_Log 玩家0进入房间0了.33
[08:56] [BSC] gameframe/CRoom.cpp:1655 Room_Log 玩家0离开房间了.
[08:56] [BSC] gameframe/CRoom.cpp:1655 Room_Log 玩家0进入房间0了.35
[08:57] [BSC] gameframe/CRoom.cpp:1655 Room_Log 玩家0离开房间了.
[08:57] [BSC] gameframe/CRoom.cpp:1655 Room_Log 玩家0进入房间0了.36
[08:58] [BSC] gameframe/CRoom.cpp:1655 Room_Log 玩家0离开房间了.
[08:58] [BSC] gameframe/CRoom.cpp:1655 Room_Log 玩家0进入房间0了.37
[09:05] [BSC] gameframe/CRoom.cpp:1655 Room_Log 玩家0离开房间了.
[09:05] [BSC] gameframe/CRoom.cpp:1655 Room_Log 玩家0进入房间0了.44
[09:07] [BSC] gameframe/CRoom.cpp:1655 Room_Log 玩家0离开房间了.
[09:07] [BSC] gameframe/CRoom.cpp:1655 Room_Log 玩家0进入房间0了.46
[09:10] [BSC] gameframe/CRoom.cpp:1655 Room_Log 玩家0离开房间了.
[09:10] [BSC] gameframe/CRoom.cpp:1655 Room_Log 玩家0进入房间0了.48
[09:11] [BSC] gameframe/CRoom.cpp:1655 Room_Log 玩家0离开房间了.
[09:11] [BSC] gameframe/CRoom.cpp:1655 Room_Log 玩家0进入房间0了.49
[09:12] [BSC] gameframe/CRoom.cpp:1655 Room_Log 玩家0离开房间了.
[09:12] [BSC] gameframe/CRoom.cpp:1655 Room_Log 玩家0进入房间0了.50
[09:14] [BSC] gameframe/CRoom.cpp:1655 Room_Log 玩家0离开房间了.
[09:14] [BSC] gameframe/CRoom.cpp:1655 Room_Log 玩家0进入房间0了.52
[09:15] [BSC] gameframe/CRoom.cpp:1655 Room_Log 玩家0离开房间了.
[09:15] [BSC] gameframe/CRoom.cpp:1655 Room_Log 玩家0进入房间0了.53
[09:16] [BSC] gameframe/CRoom.cpp:1655 Room_Log 玩家0离开房间了.
[09:16] [BSC] gameframe/CRoom.cpp:1655 Room_Log 玩家0进入房间0了.54
[09:17] [BSC] gameframe/CRoom.cpp:1655 Room_Log 玩家0离开房间了.
[09:17] [BSC] gameframe/CRoom.cpp:1655 Room_Log 玩家0进入房间0了.55
[09:18] [BSC] gameframe/CRoom.cpp:1655 Room_Log 玩家0离开房间了.
[09:18] [BSC] gameframe/CRoom.cpp:1655 Room_Log 玩家0进入房间0了.56
[09:20] [BSC] gameframe/CRoom.cpp:1655 Room_Log 玩家0离开房间了.
[09:20] [BSC] gameframe/CRoom.cpp:1655 Room_Log 玩家0进入房间0了.58
[09:21] [BSC] gameframe/CRoom.cpp:1655 Room_Log 玩家0离开房间了.
[09:21] [BSC] gameframe/CRoom.cpp:1655 Room_Log 玩家0进入房间0了.59
[09:24] [BSC] gameframe/CRoom.cpp:1655 Room_Log 玩家0离开房间了.
[09:24] [BSC] gameframe/CRoom.cpp:1655 Room_Log 玩家0进入房间0了.62
[09:25] [BSC] gameframe/CRoom.cpp:1655 Room_Log 玩家0离开房间了.
[09:25] [BSC] gameframe/CRoom.cpp:1655 Room_Log 玩家0进入房间0了.63
[09:26] [BSC] gameframe/CRoom.cpp:1655 Room_Log 玩家0离开房间了.
[09:26] [BSC] gameframe/CRoom.cpp:1655 Room_Log 玩家0进入房间0了.64
[09:27] [BSC] gameframe/CRoom.cpp:1655 Room_Log 玩家0离开房间了.
[09:27] [BSC] gameframe/CRoom.cpp:1655 Room_Log 玩家0进入房间0了.1
[09:28] [BSC] gameframe/CRoom.cpp:1655 Room_Log 玩家0离开房间了.
[09:28] [BSC] gameframe/CRoom.cpp:1655 Room_Log 玩家0进入房间0了.2
[09:29] [BSC] gameframe/CRoom.cpp:1655 Room_Log 玩家0离开房间了.
[09:29] [BSC] gameframe/CRoom.cpp:1655 Room_Log 玩家0进入房间0了.3
[09:32] [BSC] gameframe/CRoom.cpp:1655 Room_Log 玩家0离开房间了.
[09:32] [BSC] gameframe/CRoom.cpp:1655 Room_Log 玩家0进入房间0了.5
[09:33] [BSC] gameframe/CRoom.cpp:1655 Room_Log 玩家0离开房间了.
[09:33] [BSC] gameframe/CRoom.cpp:1655 Room_Log 玩家0进入房间0了.6
[09:34] [BSC] gameframe/CRoom.cpp:1655 Room_Log 玩家0离开房间了.
[09:34] [BSC] gameframe/CRoom.cpp:1655 Room_Log 玩家0进入房间0了.7
[09:35] [BSC] gameframe/CRoom.cpp:1655 Room_Log 玩家0离开房间了.
[09:35] [BSC] gameframe/CRoom.cpp:1655 Room_Log 玩家0进入房间0了.8
[09:36] [BSC] gameframe/CRoom.cpp:1655 Room_Log 玩家0离开房间了.
[09:36] [BSC] gameframe/CRoom.cpp:1655 Room_Log 玩家0进入房间0了.9
[09:37] [BSC] gameframe/CRoom.cpp:1655 Room_Log 玩家0离开房间了.
[09:37] [BSC] gameframe/CRoom.cpp:1655 Room_Log 玩家0进入房间0了.10
[09:39] [BSC] gameframe/CRoom.cpp:1655 Room_Log 玩家0离开房间了.
[09:39] [BSC] gameframe/CRoom.cpp:1655 Room_Log 玩家0进入房间0了.12
[09:40] [BSC] gameframe/CRoom.cpp:1655 Room_Log 玩家0离开房间了.
[09:40] [BSC] gameframe/CRoom.cpp:1655 Room_Log 玩家0进入房间0了.13
[09:41] [BSC] gameframe/CRoom.cpp:1655 Room_Log 玩家0离开房间了.
[09:41] [BSC] gameframe/CRoom.cpp:1655 Room_Log 玩家0进入房间0了.14
[09:45] [BSC] gameframe/CRoom.cpp:1655 Room_Log 玩家0离开房间了.
[09:45] [BSC] gameframe/CRoom.cpp:1655 Room_Log 玩家0进入房间0了.18
[09:46] [BSC] gameframe/CRoom.cpp:1655 Room_Log 玩家0离开房间了.
[09:46] [BSC] gameframe/CRoom.cpp:1655 Room_Log 玩家0进入房间0了.19
[09:49] [BSC] gameframe/CRoom.cpp:1655 Room_Log 玩家0离开房间了.
[09:49] [BSC] gameframe/CRoom.cpp:1655 Room_Log 玩家0进入房间0了.22
[09:50] [BSC] gameframe/CRoom.cpp:1655 Room_Log 玩家0离开房间了.
[09:50] [BSC] gameframe/CRoom.cpp:1655 Room_Log 玩家0进入房间0了.23
[09:54] [BSC] gameframe/CRoom.cpp:1655 Room_Log 玩家0离开房间了.
[09:54] [BSC] gameframe/CRoom.cpp:1655 Room_Log 玩家0进入房间0了.26
[09:57] [BSC] gameframe/CRoom.cpp:1655 Room_Log 玩家0离开房间了.
[09:57] [BSC] gameframe/CRoom.cpp:1655 Room_Log 玩家0进入房间0了.29
[09:58] [BSC] gameframe/CRoom.cpp:1655 Room_Log 玩家0离开房间了.
[09:58] [BSC] gameframe/CRoom.cpp:1655 Room_Log 玩家0进入房间0了.30
[10:01] [BSC] gameframe/CRoom.cpp:1655 Room_Log 玩家0离开房间了.
[10:01] [BSC] gameframe/CRoom.cpp:1655 Room_Log 玩家0进入房间0了.33
[10:02] [BSC] gameframe/CRoom.cpp:1655 Room_Log 玩家0离开房间了.
[10:03] [BSC] gameframe/CRoom.cpp:1655 Room_Log 玩家0进入房间0了.34
[10:03] [BSC] gameframe/CRoom.cpp:1655 Room_Log 玩家0离开房间了.
[10:03] [BSC] gameframe/CRoom.cpp:1655 Room_Log 玩家0进入房间0了.35
[10:07] [BSC] gameframe/CRoom.cpp:1655 Room_Log 玩家0离开房间了.
[10:07] [BSC] gameframe/CRoom.cpp:1655 Room_Log 玩家0进入房间0了.39
[10:08] [BSC] gameframe/CRoom.cpp:1655 Room_Log 玩家0离开房间了.
[10:08] [BSC] gameframe/CRoom.cpp:1655 Room_Log 玩家0进入房间0了.40
[10:13] [BSC] gameframe/CRoom.cpp:1655 Room_Log 玩家0离开房间了.
[10:13] [BSC] gameframe/CRoom.cpp:1655 Room_Log 玩家0进入房间0了.44
[10:14] [BSC] gameframe/CRoom.cpp:1655 Room_Log 玩家0离开房间了.
[10:14] [BSC] gameframe/CRoom.cpp:1655 Room_Log 玩家0进入房间0了.45
[10:15] [BSC] gameframe/CRoom.cpp:1655 Room_Log 玩家0离开房间了.
[10:15] [BSC] gameframe/CRoom.cpp:1655 Room_Log 玩家0进入房间0了.46
[10:16] [BSC] gameframe/CRoom.cpp:1655 Room_Log 玩家0离开房间了.
[10:16] [BSC] gameframe/CRoom.cpp:1655 Room_Log 玩家0进入房间0了.47
[10:20] [BSC] gameframe/CRoom.cpp:1655 Room_Log 玩家0离开房间了.
[10:20] [BSC] gameframe/CRoom.cpp:1655 Room_Log 玩家0进入房间0了.51
[10:22] [BSC] gameframe/CRoom.cpp:1655 Room_Log 玩家0离开房间了.
[10:22] [BSC] gameframe/CRoom.cpp:1655 Room_Log 玩家0进入房间0了.53
[10:23] [BSC] gameframe/CRoom.cpp:1655 Room_Log 玩家0离开房间了.
[10:23] [BSC] gameframe/CRoom.cpp:1655 Room_Log 玩家0进入房间0了.54
[10:26] [BSC] gameframe/CRoom.cpp:1655 Room_Log 玩家0离开房间了.
[10:26] [BSC] gameframe/CRoom.cpp:1655 Room_Log 玩家0进入房间0了.57
[10:27] [BSC] gameframe/CRoom.cpp:1655 Room_Log 玩家0离开房间了.
[10:27] [BSC] gameframe/CRoom.cpp:1655 Room_Log 玩家0进入房间0了.58
[10:28] [BSC] gameframe/CRoom.cpp:1655 Room_Log 玩家0离开房间了.
[10:28] [BSC] gameframe/CRoom.cpp:1655 Room_Log 玩家0进入房间0了.59
[10:29] [BSC] gameframe/CRoom.cpp:1655 Room_Log 玩家0离开房间了.
[10:29] [BSC] gameframe/CRoom.cpp:1655 Room_Log 玩家0进入房间0了.60
[10:32] [BSC] gameframe/CRoom.cpp:1655 Room_Log 玩家0离开房间了.
[10:32] [BSC] gameframe/CRoom.cpp:1655 Room_Log 玩家0进入房间0了.63
[10:34] [BSC] gameframe/CRoom.cpp:1655 Room_Log 玩家0离开房间了.
[10:34] [BSC] gameframe/CRoom.cpp:1655 Room_Log 玩家0进入房间0了.64
[10:35] [BSC] gameframe/CRoom.cpp:1655 Room_Log 玩家0离开房间了.
[10:35] [BSC] gameframe/CRoom.cpp:1655 Room_Log 玩家0进入房间0了.1
[10:38] [BSC] gameframe/CRoom.cpp:1655 Room_Log 玩家0离开房间了.
[10:38] [BSC] gameframe/CRoom.cpp:1655 Room_Log 玩家0进入房间0了.4
[10:39] [BSC] gameframe/CRoom.cpp:1655 Room_Log 玩家0离开房间了.
[10:39] [BSC] gameframe/CRoom.cpp:1655 Room_Log 玩家0进入房间0了.5
[10:41] [BSC] gameframe/CRoom.cpp:1655 Room_Log 玩家0离开房间了.
[10:41] [BSC] gameframe/CRoom.cpp:1655 Room_Log 玩家0进入房间0了.7
[10:42] [BSC] gameframe/CRoom.cpp:1655 Room_Log 玩家0离开房间了.
[10:44] [BSC] gameframe/CRoom.cpp:1655 Room_Log 玩家0进入房间0了.9
[10:44] [BSC] gameframe/CRoom.cpp:1655 Room_Log 玩家0离开房间了.
[10:44] [BSC] gameframe/CRoom.cpp:1655 Room_Log 玩家0进入房间0了.10
[10:52] [BSC] gameframe/CRoom.cpp:1655 Room_Log 玩家0离开房间了.
[10:52] [BSC] gameframe/CRoom.cpp:1655 Room_Log 玩家0进入房间0了.18
[10:53] [BSC] gameframe/CRoom.cpp:1655 Room_Log 玩家0离开房间了.
[10:53] [BSC] gameframe/CRoom.cpp:1655 Room_Log 玩家0进入房间0了.19
[10:56] [BSC] gameframe/CRoom.cpp:1655 Room_Log 玩家0离开房间了.
[10:56] [BSC] gameframe/CRoom.cpp:1655 Room_Log 玩家0进入房间0了.21
[10:58] [BSC] gameframe/CRoom.cpp:1655 Room_Log 玩家0离开房间了.
[10:58] [BSC] gameframe/CRoom.cpp:1655 Room_Log 玩家0进入房间0了.23
[11:01] [BSC] gameframe/CRoom.cpp:1655 Room_Log 玩家0离开房间了.
[11:01] [BSC] gameframe/CRoom.cpp:1655 Room_Log 玩家0进入房间0了.26
[11:03] [BSC] gameframe/CRoom.cpp:1655 Room_Log 玩家0离开房间了.
[11:03] [BSC] gameframe/CRoom.cpp:1655 Room_Log 玩家0进入房间0了.28
[11:05] [BSC] gameframe/CRoom.cpp:1655 Room_Log 玩家0离开房间了.
[11:05] [BSC] gameframe/CRoom.cpp:1655 Room_Log 玩家0进入房间0了.30
[11:06] [BSC] gameframe/CRoom.cpp:1655 Room_Log 玩家0离开房间了.
[11:06] [BSC] gameframe/CRoom.cpp:1655 Room_Log 玩家0进入房间0了.31
[11:10] [BSC] gameframe/CRoom.cpp:1655 Room_Log 玩家0离开房间了.
[11:10] [BSC] gameframe/CRoom.cpp:1655 Room_Log 玩家0进入房间0了.35
[11:11] [BSC] gameframe/CRoom.cpp:1655 Room_Log 玩家0离开房间了.
[11:12] [BSC] gameframe/CRoom.cpp:1655 Room_Log 玩家0进入房间0了.36
[11:16] [BSC] gameframe/CRoom.cpp:1655 Room_Log 玩家0离开房间了.
[11:16] [BSC] gameframe/CRoom.cpp:1655 Room_Log 玩家0进入房间0了.40
[11:18] [BSC] gameframe/CRoom.cpp:1655 Room_Log 玩家0离开房间了.
[11:18] [BSC] gameframe/CRoom.cpp:1655 Room_Log 玩家0进入房间0了.42
[11:19] [BSC] gameframe/CRoom.cpp:1655 Room_Log 玩家0离开房间了.
[11:19] [BSC] gameframe/CRoom.cpp:1655 Room_Log 玩家0进入房间0了.43
[11:21] [BSC] gameframe/CRoom.cpp:1655 Room_Log 玩家0离开房间了.
[11:21] [BSC] gameframe/CRoom.cpp:1655 Room_Log 玩家0进入房间0了.45
[11:22] [BSC] gameframe/CRoom.cpp:1655 Room_Log 玩家0离开房间了.
[11:22] [BSC] gameframe/CRoom.cpp:1655 Room_Log 玩家0进入房间0了.46
[11:23] [BSC] gameframe/CRoom.cpp:1655 Room_Log 玩家0离开房间了.
[11:23] [BSC] gameframe/CRoom.cpp:1655 Room_Log 玩家0进入房间0了.47
[11:24] [BSC] gameframe/CRoom.cpp:1655 Room_Log 玩家0离开房间了.
[11:24] [BSC] gameframe/CRoom.cpp:1655 Room_Log 玩家0进入房间0了.48
[11:25] [BSC] gameframe/CRoom.cpp:1655 Room_Log 玩家0离开房间了.
[11:25] [BSC] gameframe/CRoom.cpp:1655 Room_Log 玩家0进入房间0了.49
[11:27] [BSC] gameframe/CRoom.cpp:1655 Room_Log 玩家0离开房间了.
[11:27] [BSC] gameframe/CRoom.cpp:1655 Room_Log 玩家0进入房间0了.51
[11:28] [BSC] gameframe/CRoom.cpp:1655 Room_Log 玩家0离开房间了.
[11:28] [BSC] gameframe/CRoom.cpp:1655 Room_Log 玩家0进入房间0了.52
[11:29] [BSC] gameframe/CRoom.cpp:1655 Room_Log 玩家0离开房间了.
[11:29] [BSC] gameframe/CRoom.cpp:1655 Room_Log 玩家0进入房间0了.53
[11:30] [BSC] gameframe/CRoom.cpp:1655 Room_Log 玩家0离开房间了.
[11:30] [BSC] gameframe/CRoom.cpp:1655 Room_Log 玩家0进入房间0了.54
[11:31] [BSC] gameframe/CRoom.cpp:1655 Room_Log 玩家0离开房间了.
[11:31] [BSC] gameframe/CRoom.cpp:1655 Room_Log 玩家0进入房间0了.55
[11:32] [BSC] gameframe/CRoom.cpp:1655 Room_Log 玩家0离开房间了.
[11:32] [BSC] gameframe/CRoom.cpp:1655 Room_Log 玩家0进入房间0了.56
[11:33] [BSC] gameframe/CRoom.cpp:1655 Room_Log 玩家0离开房间了.
[11:33] [BSC] gameframe/CRoom.cpp:1655 Room_Log 玩家0进入房间0了.57
[11:34] [BSC] gameframe/CRoom.cpp:1655 Room_Log 玩家0离开房间了.
[11:34] [BSC] gameframe/CRoom.cpp:1655 Room_Log 玩家0进入房间0了.58
[11:37] [BSC] gameframe/CRoom.cpp:1655 Room_Log 玩家0离开房间了.
[11:37] [BSC] gameframe/CRoom.cpp:1655 Room_Log 玩家0进入房间0了.60
[11:38] [BSC] gameframe/CRoom.cpp:1655 Room_Log 玩家0离开房间了.
[11:38] [BSC] gameframe/CRoom.cpp:1655 Room_Log 玩家0进入房间0了.61
[11:40] [BSC] gameframe/CRoom.cpp:1655 Room_Log 玩家0离开房间了.
[11:40] [BSC] gameframe/CRoom.cpp:1655 Room_Log 玩家0进入房间0了.63
[11:41] [BSC] gameframe/CRoom.cpp:1655 Room_Log 玩家0离开房间了.
[11:41] [BSC] gameframe/CRoom.cpp:1655 Room_Log 玩家0进入房间0了.64
[11:46] [BSC] gameframe/CRoom.cpp:1655 Room_Log 玩家0离开房间了.
[11:46] [BSC] gameframe/CRoom.cpp:1655 Room_Log 玩家0进入房间0了.5
[11:47] [BSC] gameframe/CRoom.cpp:1655 Room_Log 玩家0离开房间了.
[11:47] [BSC] gameframe/CRoom.cpp:1655 Room_Log 玩家0进入房间0了.6
[11:49] [BSC] gameframe/CRoom.cpp:1655 Room_Log 玩家0离开房间了.
[11:49] [BSC] gameframe/CRoom.cpp:1655 Room_Log 玩家0进入房间0了.8
[11:52] [BSC] gameframe/CRoom.cpp:1655 Room_Log 玩家0离开房间了.
[11:52] [BSC] gameframe/CRoom.cpp:1655 Room_Log 玩家0进入房间0了.11
[11:54] [BSC] gameframe/CRoom.cpp:1655 Room_Log 玩家0离开房间了.
[11:54] [BSC] gameframe/CRoom.cpp:1655 Room_Log 玩家0进入房间0了.13
[11:55] [BSC] gameframe/CRoom.cpp:1655 Room_Log 玩家0离开房间了.
[11:55] [BSC] gameframe/CRoom.cpp:1655 Room_Log 玩家0进入房间0了.14
[11:59] [BSC] gameframe/CRoom.cpp:1655 Room_Log 玩家0离开房间了.
[11:59] [BSC] gameframe/CRoom.cpp:1655 Room_Log 玩家0进入房间0了.17
[12:01] [BSC] gameframe/CRoom.cpp:1655 Room_Log 玩家0离开房间了.
[12:01] [BSC] gameframe/CRoom.cpp:1655 Room_Log 玩家0进入房间0了.19
[12:03] [BSC] gameframe/CRoom.cpp:1655 Room_Log 玩家0离开房间了.
[12:03] [BSC] gameframe/CRoom.cpp:1655 Room_Log 玩家0进入房间0了.21
[12:04] [BSC] gameframe/CRoom.cpp:1655 Room_Log 玩家0离开房间了.
[12:04] [BSC] gameframe/CRoom.cpp:1655 Room_Log 玩家0进入房间0了.22
[12:05] [BSC] gameframe/CRoom.cpp:1655 Room_Log 玩家0离开房间了.
[12:05] [BSC] gameframe/CRoom.cpp:1655 Room_Log 玩家0进入房间0了.23
[12:06] [BSC] gameframe/CRoom.cpp:1655 Room_Log 玩家0离开房间了.
[12:06] [BSC] gameframe/CRoom.cpp:1655 Room_Log 玩家0进入房间0了.24
[12:07] [BSC] gameframe/CRoom.cpp:1655 Room_Log 玩家0离开房间了.
[12:07] [BSC] gameframe/CRoom.cpp:1655 Room_Log 玩家0进入房间0了.25
[12:08] [BSC] gameframe/CRoom.cpp:1655 Room_Log 玩家0离开房间了.
[12:08] [BSC] gameframe/CRoom.cpp:1655 Room_Log 玩家0进入房间0了.26
[12:09] [BSC] gameframe/CRoom.cpp:1655 Room_Log 玩家0离开房间了.
[12:09] [BSC] gameframe/CRoom.cpp:1655 Room_Log 玩家0进入房间0了.27
[12:12] [BSC] gameframe/CRoom.cpp:1655 Room_Log 玩家0离开房间了.
[12:12] [BSC] gameframe/CRoom.cpp:1655 Room_Log 玩家0进入房间0了.30
[12:13] [BSC] gameframe/CRoom.cpp:1655 Room_Log 玩家0离开房间了.
[12:13] [BSC] gameframe/CRoom.cpp:1655 Room_Log 玩家0进入房间0了.31
[12:16] [BSC] gameframe/CRoom.cpp:1655 Room_Log 玩家0离开房间了.
[12:16] [BSC] gameframe/CRoom.cpp:1655 Room_Log 玩家0进入房间0了.34
[12:20] [BSC] gameframe/CRoom.cpp:1655 Room_Log 玩家0离开房间了.
[12:20] [BSC] gameframe/CRoom.cpp:1655 Room_Log 玩家0进入房间0了.37
[12:21] [BSC] gameframe/CRoom.cpp:1655 Room_Log 玩家0离开房间了.
[12:21] [BSC] gameframe/CRoom.cpp:1655 Room_Log 玩家0进入房间0了.38
[12:22] [BSC] gameframe/CRoom.cpp:1655 Room_Log 玩家0离开房间了.
[12:22] [BSC] gameframe/CRoom.cpp:1655 Room_Log 玩家0进入房间0了.39
[12:25] [BSC] gameframe/CRoom.cpp:1655 Room_Log 玩家0离开房间了.
[12:25] [BSC] gameframe/CRoom.cpp:1655 Room_Log 玩家0进入房间0了.42
[12:27] [BSC] gameframe/CRoom.cpp:1655 Room_Log 玩家0离开房间了.
[12:27] [BSC] gameframe/CRoom.cpp:1655 Room_Log 玩家0进入房间0了.44
[12:28] [BSC] gameframe/CRoom.cpp:1655 Room_Log 玩家0离开房间了.
[12:28] [BSC] gameframe/CRoom.cpp:1655 Room_Log 玩家0进入房间0了.45
[12:30] [BSC] gameframe/CRoom.cpp:1655 Room_Log 玩家0离开房间了.
[12:30] [BSC] gameframe/CRoom.cpp:1655 Room_Log 玩家0进入房间0了.47
[12:32] [BSC] gameframe/CRoom.cpp:1655 Room_Log 玩家0离开房间了.
[12:32] [BSC] gameframe/CRoom.cpp:1655 Room_Log 玩家0进入房间0了.49
[12:34] [BSC] gameframe/CRoom.cpp:1655 Room_Log 玩家0离开房间了.
[12:34] [BSC] gameframe/CRoom.cpp:1655 Room_Log 玩家0进入房间0了.51
[12:35] [BSC] gameframe/CRoom.cpp:1655 Room_Log 玩家0离开房间了.
[12:35] [BSC] gameframe/CRoom.cpp:1655 Room_Log 玩家0进入房间0了.52
[12:36] [BSC] gameframe/CRoom.cpp:1655 Room_Log 玩家0离开房间了.
[12:36] [BSC] gameframe/CRoom.cpp:1655 Room_Log 玩家0进入房间0了.53
[12:40] [BSC] gameframe/CRoom.cpp:1655 Room_Log 玩家0离开房间了.
[12:40] [BSC] gameframe/CRoom.cpp:1655 Room_Log 玩家0进入房间0了.56
[12:44] [BSC] gameframe/CRoom.cpp:1655 Room_Log 玩家0离开房间了.
[12:44] [BSC] gameframe/CRoom.cpp:1655 Room_Log 玩家0进入房间0了.60
[12:45] [BSC] gameframe/CRoom.cpp:1655 Room_Log 玩家0离开房间了.
[12:45] [BSC] gameframe/CRoom.cpp:1655 Room_Log 玩家0进入房间0了.61
[12:46] [BSC] gameframe/CRoom.cpp:1655 Room_Log 玩家0离开房间了.
[12:46] [BSC] gameframe/CRoom.cpp:1655 Room_Log 玩家0进入房间0了.62
[12:49] [BSC] gameframe/CRoom.cpp:1655 Room_Log 玩家0离开房间了.
[12:49] [BSC] gameframe/CRoom.cpp:1655 Room_Log 玩家0进入房间0了.1
[12:50] [BSC] gameframe/CRoom.cpp:1655 Room_Log 玩家0离开房间了.
[12:50] [BSC] gameframe/CRoom.cpp:1655 Room_Log 玩家0进入房间0了.2
[12:51] [BSC] gameframe/CRoom.cpp:1655 Room_Log 玩家0离开房间了.
[12:51] [BSC] gameframe/CRoom.cpp:1655 Room_Log 玩家0进入房间0了.3
[12:52] [BSC] gameframe/CRoom.cpp:1655 Room_Log 玩家0离开房间了.
[12:53] [BSC] gameframe/CRoom.cpp:1655 Room_Log 玩家0进入房间0了.4
[12:54] [BSC] gameframe/CRoom.cpp:1655 Room_Log 玩家0离开房间了.
[12:54] [BSC] gameframe/CRoom.cpp:1655 Room_Log 玩家0进入房间0了.6
[12:55] [BSC] gameframe/CRoom.cpp:1655 Room_Log 玩家0离开房间了.
[12:55] [BSC] gameframe/CRoom.cpp:1655 Room_Log 玩家0进入房间0了.7
[12:57] [BSC] gameframe/CRoom.cpp:1655 Room_Log 玩家0离开房间了.
[12:57] [BSC] gameframe/CRoom.cpp:1655 Room_Log 玩家0进入房间0了.9
[13:02] [BSC] gameframe/CRoom.cpp:1655 Room_Log 玩家0离开房间了.
[13:02] [BSC] gameframe/CRoom.cpp:1655 Room_Log 玩家0进入房间0了.13
[13:04] [BSC] gameframe/CRoom.cpp:1655 Room_Log 玩家0离开房间了.
[13:04] [BSC] gameframe/CRoom.cpp:1655 Room_Log 玩家0进入房间0了.15
[13:05] [BSC] gameframe/CRoom.cpp:1655 Room_Log 玩家0离开房间了.
[13:05] [BSC] gameframe/CRoom.cpp:1655 Room_Log 玩家0进入房间0了.16
[13:06] [BSC] gameframe/CRoom.cpp:1655 Room_Log 玩家0离开房间了.
[13:06] [BSC] gameframe/CRoom.cpp:1655 Room_Log 玩家0进入房间0了.17
[13:07] [BSC] gameframe/CRoom.cpp:1655 Room_Log 玩家0离开房间了.
[13:07] [BSC] gameframe/CRoom.cpp:1655 Room_Log 玩家0进入房间0了.18
[13:12] [BSC] gameframe/CRoom.cpp:1655 Room_Log 玩家0离开房间了.
[13:12] [BSC] gameframe/CRoom.cpp:1655 Room_Log 玩家0进入房间0了.23
[13:15] [BSC] gameframe/CRoom.cpp:1655 Room_Log 玩家0离开房间了.
[13:15] [BSC] gameframe/CRoom.cpp:1655 Room_Log 玩家0进入房间0了.26
[13:16] [BSC] gameframe/CRoom.cpp:1655 Room_Log 玩家0离开房间了.
[13:16] [BSC] gameframe/CRoom.cpp:1655 Room_Log 玩家0进入房间0了.27
[13:18] [BSC] gameframe/CRoom.cpp:1655 Room_Log 玩家0离开房间了.
[13:18] [BSC] gameframe/CRoom.cpp:1655 Room_Log 玩家0进入房间0了.29
[13:19] [BSC] gameframe/CRoom.cpp:1655 Room_Log 玩家0离开房间了.
[13:19] [BSC] gameframe/CRoom.cpp:1655 Room_Log 玩家0进入房间0了.30
[13:20] [BSC] gameframe/CRoom.cpp:1655 Room_Log 玩家0离开房间了.
[13:20] [BSC] gameframe/CRoom.cpp:1655 Room_Log 玩家0进入房间0了.31
[13:22] [BSC] gameframe/CRoom.cpp:1655 Room_Log 玩家0离开房间了.
[13:22] [BSC] gameframe/CRoom.cpp:1655 Room_Log 玩家0进入房间0了.32
[13:23] [BSC] gameframe/CRoom.cpp:1655 Room_Log 玩家0离开房间了.
[13:23] [BSC] gameframe/CRoom.cpp:1655 Room_Log 玩家0进入房间0了.33
[13:24] [BSC] gameframe/CRoom.cpp:1655 Room_Log 玩家0离开房间了.
[13:24] [BSC] gameframe/CRoom.cpp:1655 Room_Log 玩家0进入房间0了.34
[13:26] [BSC] gameframe/CRoom.cpp:1655 Room_Log 玩家0离开房间了.
[13:26] [BSC] gameframe/CRoom.cpp:1655 Room_Log 玩家0进入房间0了.36
[13:27] [BSC] gameframe/CRoom.cpp:1655 Room_Log 玩家0离开房间了.
[13:27] [BSC] gameframe/CRoom.cpp:1655 Room_Log 玩家0进入房间0了.37
[13:28] [BSC] gameframe/CRoom.cpp:1655 Room_Log 玩家0离开房间了.
[13:28] [BSC] gameframe/CRoom.cpp:1655 Room_Log 玩家0进入房间0了.38
[13:29] [BSC] gameframe/CRoom.cpp:1655 Room_Log 玩家0离开房间了.
[13:29] [BSC] gameframe/CRoom.cpp:1655 Room_Log 玩家0进入房间0了.39
[13:33] [BSC] gameframe/CRoom.cpp:1655 Room_Log 玩家0离开房间了.
[13:33] [BSC] gameframe/CRoom.cpp:1655 Room_Log 玩家0进入房间0了.43
[13:34] [BSC] gameframe/CRoom.cpp:1655 Room_Log 玩家0离开房间了.
[13:34] [BSC] gameframe/CRoom.cpp:1655 Room_Log 玩家0进入房间0了.44
[13:36] [BSC] gameframe/CRoom.cpp:1655 Room_Log 玩家0离开房间了.
[13:36] [BSC] gameframe/CRoom.cpp:1655 Room_Log 玩家0进入房间0了.46
[13:37] [BSC] gameframe/CRoom.cpp:1655 Room_Log 玩家0离开房间了.
[13:38] [BSC] gameframe/CRoom.cpp:1655 Room_Log 玩家0进入房间0了.47
[13:38] [BSC] gameframe/CRoom.cpp:1655 Room_Log 玩家0离开房间了.
[13:38] [BSC] gameframe/CRoom.cpp:1655 Room_Log 玩家0进入房间0了.48
[13:39] [BSC] gameframe/CRoom.cpp:1655 Room_Log 玩家0离开房间了.
[13:39] [BSC] gameframe/CRoom.cpp:1655 Room_Log 玩家0进入房间0了.49
[13:45] [BSC] gameframe/CRoom.cpp:1655 Room_Log 玩家0离开房间了.
[13:45] [BSC] gameframe/CRoom.cpp:1655 Room_Log 玩家0进入房间0了.54
[13:46] [BSC] gameframe/CRoom.cpp:1655 Room_Log 玩家0离开房间了.
[13:46] [BSC] gameframe/CRoom.cpp:1655 Room_Log 玩家0进入房间0了.55
[13:47] [BSC] gameframe/CRoom.cpp:1655 Room_Log 玩家0离开房间了.
[13:47] [BSC] gameframe/CRoom.cpp:1655 Room_Log 玩家0进入房间0了.56
[13:48] [BSC] gameframe/CRoom.cpp:1655 Room_Log 玩家0离开房间了.
[13:48] [BSC] gameframe/CRoom.cpp:1655 Room_Log 玩家0进入房间0了.57
[13:49] [BSC] gameframe/CRoom.cpp:1655 Room_Log 玩家0离开房间了.
[13:49] [BSC] gameframe/CRoom.cpp:1655 Room_Log 玩家0进入房间0了.58
[13:53] [BSC] gameframe/CRoom.cpp:1655 Room_Log 玩家0离开房间了.
[13:53] [BSC] gameframe/CRoom.cpp:1655 Room_Log 玩家0进入房间0了.62
[13:54] [BSC] gameframe/CRoom.cpp:1655 Room_Log 玩家0离开房间了.
[13:54] [BSC] gameframe/CRoom.cpp:1655 Room_Log 玩家0进入房间0了.63
[13:55] [BSC] gameframe/CRoom.cpp:1655 Room_Log 玩家0离开房间了.
[13:55] [BSC] gameframe/CRoom.cpp:1655 Room_Log 玩家0进入房间0了.64
[13:57] [BSC] gameframe/CRoom.cpp:1655 Room_Log 玩家0离开房间了.
[13:57] [BSC] gameframe/CRoom.cpp:1655 Room_Log 玩家0进入房间0了.2
[14:01] [BSC] gameframe/CRoom.cpp:1655 Room_Log 玩家0离开房间了.
[14:01] [BSC] gameframe/CRoom.cpp:1655 Room_Log 玩家0进入房间0了.6
[14:02] [BSC] gameframe/CRoom.cpp:1655 Room_Log 玩家0离开房间了.
[14:02] [BSC] gameframe/CRoom.cpp:1655 Room_Log 玩家0进入房间0了.7
[14:06] [BSC] gameframe/CRoom.cpp:1655 Room_Log 玩家0离开房间了.
[14:06] [BSC] gameframe/CRoom.cpp:1655 Room_Log 玩家0进入房间0了.10
[14:07] [BSC] gameframe/CRoom.cpp:1655 Room_Log 玩家0离开房间了.
[14:07] [BSC] gameframe/CRoom.cpp:1655 Room_Log 玩家0进入房间0了.11
[14:08] [BSC] gameframe/CRoom.cpp:1655 Room_Log 玩家0离开房间了.
[14:08] [BSC] gameframe/CRoom.cpp:1655 Room_Log 玩家0进入房间0了.12
[14:09] [BSC] gameframe/CRoom.cpp:1655 Room_Log 玩家0离开房间了.
[14:09] [BSC] gameframe/CRoom.cpp:1655 Room_Log 玩家0进入房间0了.13
[14:10] [BSC] gameframe/CRoom.cpp:1655 Room_Log 玩家0离开房间了.
[14:10] [BSC] gameframe/CRoom.cpp:1655 Room_Log 玩家0进入房间0了.14
[14:11] [BSC] gameframe/CRoom.cpp:1655 Room_Log 玩家0离开房间了.
[14:11] [BSC] gameframe/CRoom.cpp:1655 Room_Log 玩家0进入房间0了.15
[14:12] [BSC] gameframe/CRoom.cpp:1655 Room_Log 玩家0离开房间了.
[14:12] [BSC] gameframe/CRoom.cpp:1655 Room_Log 玩家0进入房间0了.16
[14:14] [BSC] gameframe/CRoom.cpp:1655 Room_Log 玩家0离开房间了.
[14:14] [BSC] gameframe/CRoom.cpp:1655 Room_Log 玩家0进入房间0了.18
[14:16] [BSC] gameframe/CRoom.cpp:1655 Room_Log 玩家0离开房间了.
[14:16] [BSC] gameframe/CRoom.cpp:1655 Room_Log 玩家0进入房间0了.20
[14:17] [BSC] gameframe/CRoom.cpp:1655 Room_Log 玩家0离开房间了.
[14:17] [BSC] gameframe/CRoom.cpp:1655 Room_Log 玩家0进入房间0了.21
[14:18] [BSC] gameframe/CRoom.cpp:1655 Room_Log 玩家0离开房间了.
[14:18] [BSC] gameframe/CRoom.cpp:1655 Room_Log 玩家0进入房间0了.22
[14:19] [BSC] gameframe/CRoom.cpp:1655 Room_Log 玩家0离开房间了.
[14:19] [BSC] gameframe/CRoom.cpp:1655 Room_Log 玩家0进入房间0了.23
[14:22] [BSC] gameframe/CRoom.cpp:1655 Room_Log 玩家0离开房间了.
[14:22] [BSC] gameframe/CRoom.cpp:1655 Room_Log 玩家0进入房间0了.26
[14:25] [BSC] gameframe/CRoom.cpp:1655 Room_Log 玩家0离开房间了.
[14:25] [BSC] gameframe/CRoom.cpp:1655 Room_Log 玩家0进入房间0了.28
[14:26] [BSC] gameframe/CRoom.cpp:1655 Room_Log 玩家0离开房间了.
[14:26] [BSC] gameframe/CRoom.cpp:1655 Room_Log 玩家0进入房间0了.29
[14:31] [BSC] gameframe/CRoom.cpp:1655 Room_Log 玩家0离开房间了.
[14:31] [BSC] gameframe/CRoom.cpp:1655 Room_Log 玩家0进入房间0了.34
[14:35] [BSC] gameframe/CRoom.cpp:1655 Room_Log 玩家0离开房间了.
[14:35] [BSC] gameframe/CRoom.cpp:1655 Room_Log 玩家0进入房间0了.38
[14:36] [BSC] gameframe/CRoom.cpp:1655 Room_Log 玩家0离开房间了.
[14:36] [BSC] gameframe/CRoom.cpp:1655 Room_Log 玩家0进入房间0了.39
[14:37] [BSC] gameframe/CRoom.cpp:1655 Room_Log 玩家0离开房间了.
[14:37] [BSC] gameframe/CRoom.cpp:1655 Room_Log 玩家0进入房间0了.40
[14:38] [BSC] gameframe/CRoom.cpp:1655 Room_Log 玩家0离开房间了.
[14:38] [BSC] gameframe/CRoom.cpp:1655 Room_Log 玩家0进入房间0了.41
[14:39] [BSC] gameframe/CRoom.cpp:1655 Room_Log 玩家0离开房间了.
[14:39] [BSC] gameframe/CRoom.cpp:1655 Room_Log 玩家0进入房间0了.42
[14:40] [BSC] gameframe/CRoom.cpp:1655 Room_Log 玩家0离开房间了.
[14:40] [BSC] gameframe/CRoom.cpp:1655 Room_Log 玩家0进入房间0了.43
[14:42] [BSC] gameframe/CRoom.cpp:1655 Room_Log 玩家0离开房间了.
[14:42] [BSC] gameframe/CRoom.cpp:1655 Room_Log 玩家0进入房间0了.45
[14:43] [BSC] gameframe/CRoom.cpp:1655 Room_Log 玩家0离开房间了.
[14:44] [BSC] gameframe/CRoom.cpp:1655 Room_Log 玩家0进入房间0了.46
[14:44] [BSC] gameframe/CRoom.cpp:1655 Room_Log 玩家0离开房间了.
[14:45] [BSC] gameframe/CRoom.cpp:1655 Room_Log 玩家0进入房间0了.47
[14:47] [BSC] gameframe/CRoom.cpp:1655 Room_Log 玩家0离开房间了.
[14:47] [BSC] gameframe/CRoom.cpp:1655 Room_Log 玩家0进入房间0了.49
[14:48] [BSC] gameframe/CRoom.cpp:1655 Room_Log 玩家0离开房间了.
[14:48] [BSC] gameframe/CRoom.cpp:1655 Room_Log 玩家0进入房间0了.50
[14:50] [BSC] gameframe/CRoom.cpp:1655 Room_Log 玩家0离开房间了.
[14:50] [BSC] gameframe/CRoom.cpp:1655 Room_Log 玩家0进入房间0了.52
[14:51] [BSC] gameframe/CRoom.cpp:1655 Room_Log 玩家0离开房间了.
[14:51] [BSC] gameframe/CRoom.cpp:1655 Room_Log 玩家0进入房间0了.53
[14:52] [BSC] gameframe/CRoom.cpp:1655 Room_Log 玩家0离开房间了.
[14:52] [BSC] gameframe/CRoom.cpp:1655 Room_Log 玩家0进入房间0了.54
[14:55] [BSC] gameframe/CRoom.cpp:1655 Room_Log 玩家0离开房间了.
[14:55] [BSC] gameframe/CRoom.cpp:1655 Room_Log 玩家0进入房间0了.57
[14:56] [BSC] gameframe/CRoom.cpp:1655 Room_Log 玩家0离开房间了.
[14:56] [BSC] gameframe/CRoom.cpp:1655 Room_Log 玩家0进入房间0了.58
[14:57] [BSC] gameframe/CRoom.cpp:1655 Room_Log 玩家0离开房间了.
[14:57] [BSC] gameframe/CRoom.cpp:1655 Room_Log 玩家0进入房间0了.59
[15:00] [BSC] gameframe/CRoom.cpp:1655 Room_Log 玩家0离开房间了.
[15:00] [BSC] gameframe/CRoom.cpp:1655 Room_Log 玩家0进入房间0了.62
[15:02] [BSC] gameframe/CRoom.cpp:1655 Room_Log 玩家0离开房间了.
[15:02] [BSC] gameframe/CRoom.cpp:1655 Room_Log 玩家0进入房间0了.64
[15:04] [BSC] gameframe/CRoom.cpp:1655 Room_Log 玩家0离开房间了.
[15:04] [BSC] gameframe/CRoom.cpp:1655 Room_Log 玩家0进入房间0了.2
[15:11] [BSC] gameframe/CRoom.cpp:1655 Room_Log 玩家0离开房间了.
[15:11] [BSC] gameframe/CRoom.cpp:1655 Room_Log 玩家0进入房间0了.8
[15:13] [BSC] gameframe/CRoom.cpp:1655 Room_Log 玩家0离开房间了.
[15:13] [BSC] gameframe/CRoom.cpp:1655 Room_Log 玩家0进入房间0了.10
